{
  "chunk_id": "chunk_176",
  "section_number": "12.1",
  "header": "Security Monitoring Recommendations:",
  "content": "For 4908(S): Special Groups Logon table modified.\n\nIf you use the Special Groups feature, then this event should be always monitored, especially on high value assets or computers. If this change was not planned, investigate the\nreason for the change.\n\nIf you don’t use the Special Groups feature, then this event should be always monitored because it indicates use of the Special Groups feature outside of your standard\nprocedures.\n4912(S): Per User Audit Policy was changed.\nEvent Description:\nThis event generates every time Per User Audit Policy was changed.\nThis event is always logged regardless of the \"Audit Policy Change\" sub-category setting.\nNote   For recommendations, see Security Monitoring Recommendations for this event.\nEvent XML:\n- <Event xmlns=\"http://schemas.microsoft.com/win/2004/08/events/event\">\n- <System>\n<Provider Name=\"Microsoft-Windows-Security-Auditing\" Guid=\"{54849625-5478-4994-A5BA-3E3B0328C30D}\" />\n<EventID>4912</EventID>\n<Version>0</Version>\n<Level>0</Level>\n<Task>13568</Task>\n<Opcode>0</Opcode>\n<Keywords>0x8020000000000000</Keywords>\n<TimeCreated SystemTime=\"2015-09-30T23:43:07.363195100Z\" />\n<EventRecordID>1049452</EventRecordID>\n<Correlation />\n<Execution ProcessID=\"516\" ThreadID=\"1660\" />\n<Channel>Security</Channel>\n<Computer>DC01.contoso.local</Computer>\n<Security />\n</System>\n- <EventData>\n<Data Name=\"SubjectUserSid\">S-1-5-21-3457937927-2839227994-823803824-1104</Data>\n<Data Name=\"SubjectUserName\">dadmin</Data>\n<Data Name=\"SubjectDomainName\">CONTOSO</Data>\n<Data Name=\"SubjectLogonId\">0x11ae30</Data>\n<Data Name=\"TargetUserSid\">S-1-5-21-3457937927-2839227994-823803824-2104</Data>\n© 2016 Microsoft. All rights reserved.\n521\n<Data Name=\"CategoryId\">%%8276</Data>\n<Data Name=\"SubcategoryId\">%%13312</Data>\n<Data Name=\"SubcategoryGuid\">{0CCE922B-69AE-11D9-BED3-505054503030}</Data>\n<Data Name=\"AuditPolicyChanges\">%%8452</Data>\n</EventData>\n</Event>\nRequired Server Roles: None.\nMinimum OS Version: Windows Server 2008, Windows Vista.\nEvent Versions: 0.\nField Descriptions:\nSubject:\n\nSecurity ID [Type = SID]: SID of account that made a change to per-user audit policy. Event Viewer automatically tries to resolve SIDs and show the account name. If the SID\ncannot be resolved, you will see the source data in the event.\nA security identifier (SID) is a unique value of variable length used to identify a trustee (security principal). Each account has a unique SID that is issued by an authority, such\nas an Active Directory domain controller, and stored in a security database. Each time a user logs on, the system retrieves the SID for that user from the database and places it\nin the access token for that user. The system uses the SID in the access token to identify the user in all subsequent interactions with Windows security. When a SID has been\nused as the unique identifier for a user or group, it cannot ever be used again to identify another user or group. For more information about SIDs, see Security Identifiers.\n\nAccount Name [Type = UnicodeString]: the name of the account that made a change to per-user audit policy.\n\nAccount Domain [Type = UnicodeString]: subject’s domain or computer name. Formats vary, and include the following:\no\nDomain NETBIOS name example: CONTOSO\no\nLowercase full domain name: contoso.local\no\nUppercase full domain name: CONTOSO.LOCAL\no\nFor some well-known security principals, such as LOCAL SERVICE or ANONYMOUS LOGON, the value of this field is “NT AUTHORITY”.\no\nFor local user accounts, this field will contain the name of the computer or device that this account belongs to, for example: “Win81”.\n\nLogon ID [Type = HexInt64]: hexadecimal value that can help you correlate this event with recent events that might contain the same Logon ID, for example, “4624: An account\nwas successfully logged on.”\nPolicy For Account:\n\nSecurity ID [Type = SID]: SID of account for which the Per User Audit Policy was changed. Event Viewer automatically tries to resolve SIDs and show the account name. If the SID\ncannot be resolved, you will see the source data in the event.\nPolicy Change Details:\n\nCategory [Type = UnicodeString]: the name of auditing category which subcategory state was changed. Possible values are:\no\nAccount Logon\no\nAccount Management\no\nDetailed Tracking\no\nDS Access\no\nLogon/Logoff\n© 2016 Microsoft. All rights reserved.\n522\no\nObject Access\no\nPolicy Change\no\nPrivilege Use\no\nSystem\n\nSubcategory [Type = UnicodeString]: the name of auditing subcategory which state was changed. Possible values:\nAudit Credential Validation\nAudit Process Termination\nAudit Other Logon/Logoff Events\nAudit Kerberos Authentication Service\nAudit RPC Events\nAudit Special Logon\nAudit Kerberos Service Ticket Operations\nAudit Detailed Directory Service Replication\nAudit Application Generated\nAudit Other Logon/Logoff Events\nAudit Directory Service Access\nAudit Certification Services\nAudit Application Group Management\nAudit Directory Service Changes\nAudit Detailed File Share\nAudit Computer Account Management\nAudit Directory Service Replication\nAudit File Share\nAudit Distribution Group Management\nAudit Account Lockout\nAudit File System\nAudit Other Account Management Events\nAudit IPsec Extended Mode\nAudit Filtering Platform Connection\nAudit Security Group Management\nAudit IPsec Main Mode\nAudit Filtering Platform Packet Drop\nAudit User Account Management\nAudit IPsec Quick Mode\nAudit Handle Manipulation\nAudit DPAPI Activity\nAudit Logoff\nAudit Kernel Object\nAudit Process Creation\nAudit Logon\nAudit IPsec Driver\nAudit Other Object Access Events\nAudit Filtering Platform Policy Change\nAudit Other System Events\nAudit Registry\nAudit MPSSVC Rule-Level Policy Change\nAudit Security State Change\nAudit SAM\nAudit Other Policy Change Events\nAudit Security System Extension\nAudit Policy Change\nAudit Non-Sensitive Privilege Use\nAudit System Integrity\nAudit Authentication Policy Change\nAudit Sensitive Privilege Use\nAudit PNP Activity\nAudit Authorization Policy Change\nAudit Other Privilege Use Events\nGroup Membership\nAudit Network Policy Server\n\nSubcategory GUID [Type = GUID]: the unique GUID of changed subcategory.\nGUID is an acronym for 'Globally Unique Identifier'. It is a 128-bit integer number used to identify resources, activities or instances.\nTo see subcategory GUID you can use the following command: “auditpol /list /subcategory:* /v”:\n© 2016 Microsoft. All rights reserved.\n523\n\nChanges [Type = UnicodeString]: changes which were made for the subcategory. Possible values are:\no\nSuccess include removed\no\nSuccess include added\no\nFailure include removed\no\nFailure include added\no\nSuccess exclude removed\no\nSuccess exclude added\no\nFailure exclude removed\no\nFailure exclude added\nSecurity Monitoring Recommendations:\nFor 4912(S): Per User Audit Policy was changed.\n\nIf you use the Per-user audit feature, then this event should be always monitored, especially on high value assets or\ncomputers. If this change was not planned, investigate the reason for the change.\n\nIf you don’t use the Per-user audit feature, then this event should be always monitored because it indicates use of\nthe Per-user audit feature outside of your standard procedures.\n4904(S): An attempt was made to register a security event source.\nEvent Description:\nThis event generates every time a new security event source is registered.\nYou can typically see this event during system startup, if specific roles (Internet Information Services, for example) are\ninstalled in the system.\n© 2016 Microsoft. All rights reserved.\n524\nNote   For recommendations, see Security Monitoring Recommendations for this event.\nEvent XML:\n- <Event xmlns=\"http://schemas.microsoft.com/win/2004/08/events/event\">\n- <System>\n<Provider Name=\"Microsoft-Windows-Security-Auditing\" Guid=\"{54849625-5478-4994-A5BA-3E3B0328C30D}\" />\n<EventID>4904</EventID>\n<Version>0</Version>\n<Level>0</Level>\n<Task>13568</Task>\n<Opcode>0</Opcode>\n<Keywords>0x8020000000000000</Keywords>\n<TimeCreated SystemTime=\"2015-10-01T00:53:01.030688000Z\" />\n<EventRecordID>1049538</EventRecordID>\n<Correlation />\n<Execution ProcessID=\"520\" ThreadID=\"548\" />\n<Channel>Security</Channel>\n<Computer>DC01.contoso.local</Computer>\n<Security />\n</System>\n- <EventData>\n<Data Name=\"SubjectUserSid\">S-1-5-18</Data>\n<Data Name=\"SubjectUserName\">DC01$</Data>\n<Data Name=\"SubjectDomainName\">CONTOSO</Data>\n<Data Name=\"SubjectLogonId\">0x3e7</Data>\n<Data Name=\"AuditSourceName\">FSRM Audit</Data>\n<Data Name=\"EventSourceId\">0x1cc4e</Data>\n<Data Name=\"ProcessId\">0x688</Data>\n<Data Name=\"ProcessName\">C:\\Windows\\System32\\svchost.exe</Data>\n</EventData>\n</Event>\nRequired Server Roles: None.\nMinimum OS Version: Windows Server 2008, Windows Vista.\nEvent Versions: 0.\nField Descriptions:\nSubject:\n© 2016 Microsoft. All rights reserved.\n525\n\nSecurity ID [Type = SID]: SID of account that made an attempt to register a security event source. Event Viewer automatically tries to resolve SIDs and show the account name. If\nthe SID cannot be resolved, you will see the source data in the event.\nA security identifier (SID) is a unique value of variable length used to identify a trustee (security principal). Each account has a unique SID that is issued by an authority, such\nas an Active Directory domain controller, and stored in a security database. Each time a user logs on, the system retrieves the SID for that user from the database and places it\nin the access token for that user. The system uses the SID in the access token to identify the user in all subsequent interactions with Windows security. When a SID has been\nused as the unique identifier for a user or group, it cannot ever be used again to identify another user or group. For more information about SIDs, see Security Identifiers.\n\nAccount Name [Type = UnicodeString]: the name of the account that made an attempt to register a security event source.\n\nAccount Domain [Type = UnicodeString]: subject’s domain or computer name. Formats vary, and include the following:\no\nDomain NETBIOS name example: CONTOSO\no\nLowercase full domain name: contoso.local\no\nUppercase full domain name: CONTOSO.LOCAL\no\nFor some well-known security principals, such as LOCAL SERVICE or ANONYMOUS LOGON, the value of this field is “NT AUTHORITY”.\no\nFor local user accounts, this field will contain the name of the computer or device that this account belongs to, for example: “Win81”.\n\nLogon ID [Type = HexInt64]: hexadecimal value that can help you correlate this event with recent events that might contain the same Logon ID, for example, “4624: An account\nwas successfully logged on.”\nProcess:\n\nProcess ID [Type = Pointer]: hexadecimal Process ID of the process that attempted to register the security event source. Process ID (PID) is a number used by the operating system\nto uniquely identify an active process. To see the PID for a specific process you can, for example, use Task Manager (Details tab, PID column):\nIf you convert the hexadecimal value to decimal, you can compare it to the values in Task Manager.\nYou can also correlate this process ID with a process ID in other events, for example, “4688: A new process has been created” Process Information\\New Process ID.\n© 2016 Microsoft. All rights reserved.\n526\n\nProcess Name [Type = UnicodeString]: full path and the name of the executable for the process.\nEvent Source:\n\nSource Name [Type = UnicodeString]: the name of registered security event source. You can see all registered security event source names in this registry path:\n“HKEY_LOCAL_MACHINE\\SYSTEM\\CurrentControlSet\\Services\\EventLog\\Security”. Here is an example:\n\nEvent Source ID [Type = HexInt64]: the unique hexadecimal identifier of registered security event source.\nSecurity Monitoring Recommendations:\nFor 4904(S): An attempt was made to register a security event source.\nAppendix A: Security monitoring recommendations for many audit events\n\nImportant   For this event, also see Appendix A: Security monitoring recommendations for many audit events.\nBecause this event is typically triggered by the SYSTEM account, we recommend that you report it whenever\n“Subject\\Security ID” is not SYSTEM.\n\n\n\nIf you have a pre-defined “Process Name” for the process reported in this event, monitor all events with “Process\nName” not equal to your defined value.\n\nIf you have a pre-defined list of allowed security event sources for specific computers or computer types, then you\ncan use this event and check whether “Event Source\\Source Name”is in your defined list.\n\nTypically this event has an informational purpose.\n4905(S): An attempt was made to unregister a security event source.\nEvent Description:\nThis event generates every time a security event source is unregistered.\nYou typically see this event if specific roles were removed, for example, Internet Information Services.\n© 2016 Microsoft. All rights reserved.\n527\nNote   For recommendations, see Security Monitoring Recommendations for this event.\nEvent XML:\n- <Event xmlns=\"http://schemas.microsoft.com/win/2004/08/events/event\">\n- <System>\n<Provider Name=\"Microsoft-Windows-Security-Auditing\" Guid=\"{54849625-5478-4994-A5BA-3E3B0328C30D}\" />\n<EventID>4905</EventID>\n<Version>0</Version>\n<Level>0</Level>\n<Task>13568</Task>\n<Opcode>0</Opcode>\n<Keywords>0x8020000000000000</Keywords>\n<TimeCreated SystemTime=\"2015-10-01T17:39:12.039825000Z\" />\n<EventRecordID>1049718</EventRecordID>\n<Correlation />\n<Execution ProcessID=\"500\" ThreadID=\"1888\" />\n<Channel>Security</Channel>\n<Computer>DC01.contoso.local</Computer>\n<Security />\n</System>\n- <EventData>\n<Data Name=\"SubjectUserSid\">S-1-5-18</Data>\n<Data Name=\"SubjectUserName\">DC01$</Data>\n<Data Name=\"SubjectDomainName\">CONTOSO</Data>\n<Data Name=\"SubjectLogonId\">0x3e7</Data>\n<Data Name=\"AuditSourceName\">IIS-METABASE</Data>\n<Data Name=\"EventSourceId\">0x20c15f</Data>\n<Data Name=\"ProcessId\">0xd90</Data>\n<Data Name=\"ProcessName\">-</Data>\n</EventData>\n</Event>\nRequired Server Roles: None.\nMinimum OS Version: Windows Server 2008, Windows Vista.\nEvent Versions: 0.\nField Descriptions:\nSubject:\n© 2016 Microsoft. All rights reserved.\n528\n\nSecurity ID [Type = SID]: SID of account that made an attempt to unregister a security event source. Event Viewer automatically tries to resolve SIDs and show the account name.\nIf the SID cannot be resolved, you will see the source data in the event.\nA security identifier (SID) is a unique value of variable length used to identify a trustee (security principal). Each account has a unique SID that is issued by an authority, such\nas an Active Directory domain controller, and stored in a security database. Each time a user logs on, the system retrieves the SID for that user from the database and places it\nin the access token for that user. The system uses the SID in the access token to identify the user in all subsequent interactions with Windows security. When a SID has been\nused as the unique identifier for a user or group, it cannot ever be used again to identify another user or group. For more information about SIDs, see Security Identifiers.\n\nAccount Name [Type = UnicodeString]: the name of the account that made an attempt to unregister a security event source.\n\nAccount Domain [Type = UnicodeString]: subject’s domain or computer name. Formats vary, and include the following:\no\nDomain NETBIOS name example: CONTOSO\no\nLowercase full domain name: contoso.local\no\nUppercase full domain name: CONTOSO.LOCAL\no\nFor some well-known security principals, such as LOCAL SERVICE or ANONYMOUS LOGON, the value of this field is “NT AUTHORITY”.\no\nFor local user accounts, this field will contain the name of the computer or device that this account belongs to, for example: “Win81”.\n\nLogon ID [Type = HexInt64]: hexadecimal value that can help you correlate this event with recent events that might contain the same Logon ID, for example, “4624: An account\nwas successfully logged on.”\nProcess Information:\n\nProcess ID [Type = Pointer]: hexadecimal Process ID of the process that attempted to unregister the security event source. Process ID (PID) is a number used by the operating\nsystem to uniquely identify an active process. To see the PID for a specific process you can, for example, use Task Manager (Details tab, PID column):\nIf you convert the hexadecimal value to decimal, you can compare it to the values in Task Manager.\nYou can also correlate this process ID with a process ID in other events, for example, “4688: A new process has been created” Process Information\\New Process ID.\n© 2016 Microsoft. All rights reserved.\n529\n\nProcess Name [Type = UnicodeString]: full path and the name of the executable for the process.\nEvent Source:\n\nSource Name [Type = UnicodeString]: the name of unregistered security event source. You can see all registered security event source names in this registry path:\n“HKEY_LOCAL_MACHINE\\SYSTEM\\CurrentControlSet\\Services\\EventLog\\Security”. Here is an example:\n\nEvent Source ID [Type = HexInt64]: the unique hexadecimal identifier of unregistered security event source.",
  "chunk_type": "font_based",
  "metadata": {
    "header_level": 3,
    "font_size": 12,
    "font_name": "Calibri",
    "page_range": {
      "start": 521,
      "end": 530
    },
    "content_stats": {
      "char_count": 16955,
      "word_count": 2361
    },
    "hierarchy": {
      "parent": "Audit Policy Change",
      "children": []
    }
  }
}